<?xml version="1.0" encoding="UTF-8"?>
<testsuite xmlns:xsi="http://www.w3.org/2001/XMLSchema-instance" xsi:noNamespaceSchemaLocation="https://maven.apache.org/surefire/maven-surefire-plugin/xsd/surefire-test-report.xsd" name="com.ontariotechu.sofe3980U.CountCharactersTest" time="0" tests="9" errors="0" skipped="0" failures="0">
  <properties>
[...]
</properties>
  <testcase name="CountOccurrencesTest1" classname="com.ontariotechu.sofe3980U.CountCharactersTest" time="0"/>
  <testcase name="CountOccurrencesTest2" classname="com.ontariotechu.sofe3980U.CountCharactersTest" time="0"/>
  <testcase name="CountOccurrencesTest3" classname="com.ontariotechu.sofe3980U.CountCharactersTest" time="0"/>
  <testcase name="CountOccurrencesTest4" classname="com.ontariotechu.sofe3980U.CountCharactersTest" time="0"/>
  <testcase name="CountOccurrencesTest5" classname="com.ontariotechu.sofe3980U.CountCharactersTest" time="0"/>
  <testcase name="CountOccurrencesTest6" classname="com.ontariotechu.sofe3980U.CountCharactersTest" time="0"/>
  <testcase name="CountOccurrencesTest7" classname="com.ontariotechu.sofe3980U.CountCharactersTest" time="0"/>
  <testcase name="CountOccurrencesTest8" classname="com.ontariotechu.sofe3980U.CountCharactersTest" time="0"/>
  <testcase name="CountOccurrencesTest9" classname="com.ontariotechu.sofe3980U.CountCharactersTest" time="0"/>
</testsuite>